0 info it worked if it ends with ok
1 verbose cli [ 'node', '/usr/local/bin/npm', 'install', 'websockets-stream' ]
2 info using npm@1.4.28
3 info using node@v0.10.33
4 verbose config Skipping project config: /Users/pgore/.npmrc. (matches userconfig)
5 verbose cache add [ 'websockets-stream', null ]
6 verbose cache add name=undefined spec="websockets-stream" args=["websockets-stream",null]
7 verbose parsed url { protocol: null,
7 verbose parsed url   slashes: null,
7 verbose parsed url   auth: null,
7 verbose parsed url   host: null,
7 verbose parsed url   port: null,
7 verbose parsed url   hostname: null,
7 verbose parsed url   hash: null,
7 verbose parsed url   search: null,
7 verbose parsed url   query: null,
7 verbose parsed url   pathname: 'websockets-stream',
7 verbose parsed url   path: 'websockets-stream',
7 verbose parsed url   href: 'websockets-stream' }
8 silly lockFile 8e462ef9-websockets-stream websockets-stream
9 verbose lock websockets-stream /Users/pgore/.npm/8e462ef9-websockets-stream.lock
10 silly lockFile 8e462ef9-websockets-stream websockets-stream
11 silly lockFile 8e462ef9-websockets-stream websockets-stream
12 verbose addNamed [ 'websockets-stream', '' ]
13 verbose addNamed [ null, '*' ]
14 silly lockFile dd5be2b1-websockets-stream websockets-stream@
15 verbose lock websockets-stream@ /Users/pgore/.npm/dd5be2b1-websockets-stream.lock
16 silly addNameRange { name: 'websockets-stream', range: '*', hasData: false }
17 verbose request where is /websockets-stream
18 verbose request registry https://registry.npmjs.org/
19 verbose request id 447eafa85d0a73cf
20 verbose url raw /websockets-stream
21 verbose url resolving [ 'https://registry.npmjs.org/', './websockets-stream' ]
22 verbose url resolved https://registry.npmjs.org/websockets-stream
23 verbose request where is https://registry.npmjs.org/websockets-stream
24 info trying registry request attempt 1 at 10:06:22
25 http GET https://registry.npmjs.org/websockets-stream
26 http 404 https://registry.npmjs.org/websockets-stream
27 verbose headers { date: 'Wed, 07 Jan 2015 18:06:20 GMT',
27 verbose headers   server: 'CouchDB/1.5.0 (Erlang OTP/R16B03)',
27 verbose headers   'content-type': 'application/json',
27 verbose headers   'cache-control': 'max-age=0',
27 verbose headers   'content-length': '52',
27 verbose headers   'accept-ranges': 'bytes',
27 verbose headers   via: '1.1 varnish',
27 verbose headers   age: '0',
27 verbose headers   'x-served-by': 'cache-sjc3134-SJC',
27 verbose headers   'x-cache': 'MISS',
27 verbose headers   'x-cache-hits': '0',
27 verbose headers   'x-timer': 'S1420653980.659727,VS0,VE84',
27 verbose headers   'keep-alive': 'timeout=10, max=50',
27 verbose headers   connection: 'Keep-Alive' }
28 silly registry.get cb [ 404,
28 silly registry.get   { date: 'Wed, 07 Jan 2015 18:06:20 GMT',
28 silly registry.get     server: 'CouchDB/1.5.0 (Erlang OTP/R16B03)',
28 silly registry.get     'content-type': 'application/json',
28 silly registry.get     'cache-control': 'max-age=0',
28 silly registry.get     'content-length': '52',
28 silly registry.get     'accept-ranges': 'bytes',
28 silly registry.get     via: '1.1 varnish',
28 silly registry.get     age: '0',
28 silly registry.get     'x-served-by': 'cache-sjc3134-SJC',
28 silly registry.get     'x-cache': 'MISS',
28 silly registry.get     'x-cache-hits': '0',
28 silly registry.get     'x-timer': 'S1420653980.659727,VS0,VE84',
28 silly registry.get     'keep-alive': 'timeout=10, max=50',
28 silly registry.get     connection: 'Keep-Alive' } ]
29 silly lockFile dd5be2b1-websockets-stream websockets-stream@
30 silly lockFile dd5be2b1-websockets-stream websockets-stream@
31 error 404 404 Not Found: websockets-stream
31 error 404
31 error 404 'websockets-stream' is not in the npm registry.
31 error 404 You should bug the author to publish it
31 error 404
31 error 404 Note that you can also install from a
31 error 404 tarball, folder, or http url, or git url.
32 error System Darwin 13.4.0
33 error command "node" "/usr/local/bin/npm" "install" "websockets-stream"
34 error cwd /Users/pgore/dev/node/nodeschool/stream-adventure
35 error node -v v0.10.33
36 error npm -v 1.4.28
37 error code E404
38 verbose exit [ 1, true ]
